Using pre-set license
Built from '2020.2/release' branch; Version is '2020.2.0f1 (3721df5a8b28) revision 3613151'; Using compiler version '192528614'; Build Type 'Release'
OS: 'Windows 10  (10.0.0) 64bit' Language: 'de' Physical Memory: 14212 MB
BatchMode: 1, IsHumanControllingUs: 0, StartBugReporterOnCrash: 0, Is64bit: 1, IsPro: 0

 COMMAND LINE ARGUMENTS:
C:\Program Files\Unity\Hub\Editor\2020.2.0f1\Editor\Unity.exe
-adb2
-batchMode
-noUpm
-name
AssetImportWorker0
-projectPath
C:/Users/Jude/Documents/GitHub/Step_by_Step/Step_by_Step
-logFile
Logs/AssetImportWorker0.log
-srvPort
56819
Successfully changed project path to: C:/Users/Jude/Documents/GitHub/Step_by_Step/Step_by_Step
C:/Users/Jude/Documents/GitHub/Step_by_Step/Step_by_Step
Using Asset Import Pipeline V2.
Refreshing native plugins compatible for Editor in 148.72 ms, found 0 plugins.
Preloading 0 native plugins for Editor in 0.00 ms.
Initialize engine version: 2020.2.0f1 (3721df5a8b28)
[Subsystems] Discovering subsystems at path C:/Program Files/Unity/Hub/Editor/2020.2.0f1/Editor/Data/Resources/UnitySubsystems
[Subsystems] Discovering subsystems at path C:/Users/Jude/Documents/GitHub/Step_by_Step/Step_by_Step/Assets
GfxDevice: creating device client; threaded=0
Direct3D:
    Version:  Direct3D 11.0 [level 11.1]
    Renderer: NVIDIA GeForce GTX 1660 Ti with Max-Q Design (ID=0x2191)
    Vendor:   
    VRAM:     5991 MB
    Driver:   27.21.14.6089
Initialize mono
Mono path[0] = 'C:/Program Files/Unity/Hub/Editor/2020.2.0f1/Editor/Data/Managed'
Mono path[1] = 'C:/Program Files/Unity/Hub/Editor/2020.2.0f1/Editor/Data/MonoBleedingEdge/lib/mono/unityjit'
Mono config path = 'C:/Program Files/Unity/Hub/Editor/2020.2.0f1/Editor/Data/MonoBleedingEdge/etc'
Using monoOptions --debugger-agent=transport=dt_socket,embedding=1,server=y,suspend=n,address=127.0.0.1:56852
Begin MonoManager ReloadAssembly
Registering precompiled unity dll's ...
Register platform support module: C:/Program Files/Unity/Hub/Editor/2020.2.0f1/Editor/Data/PlaybackEngines/WindowsStandaloneSupport/UnityEditor.WindowsStandalone.Extensions.dll
Registered in 0.004014 seconds.
Native extension for WindowsStandalone target not found
Refreshing native plugins compatible for Editor in 53.53 ms, found 0 plugins.
Preloading 0 native plugins for Editor in 0.00 ms.
Invoked RoslynAnalysisRunner static constructor.
RoslynAnalysisRunner will not be running.
RoslynAnalysisRunner has terminated.
Mono: successfully reloaded assembly
- Completed reload, in  3.839 seconds
Platform modules already initialized, skipping
Registering precompiled user dll's ...
Registered in 0.003746 seconds.
Begin MonoManager ReloadAssembly
Native extension for WindowsStandalone target not found
Refreshing native plugins compatible for Editor in 57.84 ms, found 0 plugins.
Preloading 0 native plugins for Editor in 0.00 ms.
Invoked RoslynAnalysisRunner static constructor.
RoslynAnalysisRunner will not be running.
RoslynAnalysisRunner has terminated.
Mono: successfully reloaded assembly
- Completed reload, in  2.793 seconds
Platform modules already initialized, skipping
========================================================================
Worker process is ready to serve import requests
Launched and connected shader compiler UnityShaderCompiler.exe after 0.09 seconds
Refreshing native plugins compatible for Editor in 0.49 ms, found 0 plugins.
Preloading 0 native plugins for Editor in 0.00 ms.
Unloading 2215 Unused Serialized files (Serialized files now loaded: 0)
System memory in use before: 240.1 MB.
System memory in use after: 240.2 MB.

Unloading 102 unused Assets to reduce memory usage. Loaded Objects now: 2687.
Total: 6.114400 ms (FindLiveObjects: 0.306900 ms CreateObjectMapping: 0.071000 ms MarkObjects: 4.757200 ms  DeleteObjects: 0.977000 ms)

========================================================================
Received Import Request.
  path: Assets/Scenes/Main Menu/Basic Button.mat
  artifactKey: Guid(a958ca20424a984409657abd6228f645) Importer(815301076,1909f56bfc062723c751e8b465ee728b)
Start importing Assets/Scenes/Main Menu/Basic Button.mat using Guid(a958ca20424a984409657abd6228f645) Importer(815301076,1909f56bfc062723c751e8b465ee728b)  -> (artifact id: '89f3f9018c91725543aa03782ca05c7e') in 0.144605 seconds
  Import took 0.151059 seconds .

========================================================================
Received Import Request.
  Time since last request: 0.000506 seconds.
  path: Assets/Scenes/Main Menu/Blurry Background.png
  artifactKey: Guid(0789f954a88339c4e8576d0caaa4bef3) Importer(815301076,1909f56bfc062723c751e8b465ee728b)
Start importing Assets/Scenes/Main Menu/Blurry Background.png using Guid(0789f954a88339c4e8576d0caaa4bef3) Importer(815301076,1909f56bfc062723c751e8b465ee728b)  -> (artifact id: '04202bf776f24736ef79710c0f5ecba3') in 0.084343 seconds
  Import took 0.090113 seconds .

========================================================================
Received Import Request.
  Time since last request: 0.000412 seconds.
  path: Assets/Scenes/Main Menu/WalkingTitle.png
  artifactKey: Guid(a30edd197b5ac12499d7dbcfce54187a) Importer(815301076,1909f56bfc062723c751e8b465ee728b)
Start importing Assets/Scenes/Main Menu/WalkingTitle.png using Guid(a30edd197b5ac12499d7dbcfce54187a) Importer(815301076,1909f56bfc062723c751e8b465ee728b)  -> (artifact id: '5b4d47c4fd68563fa1cdd4c886b8ca2b') in 0.019011 seconds
  Import took 0.024844 seconds .

========================================================================
Received Import Request.
  Time since last request: 0.000427 seconds.
  path: Assets/Scenes/Main Menu
  artifactKey: Guid(ecbbbe9dd0fc5144b8f721ed4aa578ab) Importer(815301076,1909f56bfc062723c751e8b465ee728b)
Start importing Assets/Scenes/Main Menu using Guid(ecbbbe9dd0fc5144b8f721ed4aa578ab) Importer(815301076,1909f56bfc062723c751e8b465ee728b)  -> (artifact id: '0d5b898acee210477cc2cacfbe059100') in 0.007435 seconds
  Import took 0.013243 seconds .

========================================================================
Received Import Request.
  Time since last request: 4.221190 seconds.
  path: Assets/Scenes/Main Menu/Main Menu.unity
  artifactKey: Guid(985c69558e0470f449f6398b8757c454) Importer(815301076,1909f56bfc062723c751e8b465ee728b)
Start importing Assets/Scenes/Main Menu/Main Menu.unity using Guid(985c69558e0470f449f6398b8757c454) Importer(815301076,1909f56bfc062723c751e8b465ee728b)  -> (artifact id: '7f2e1b03293cab01fe428ebb2f2ca4c8') in 0.005820 seconds
  Import took 0.011520 seconds .

AssetImportWorkerClient::OnTransportError - code=2 error=End of file
