Using pre-set license
Built from '2020.2/release' branch; Version is '2020.2.0f1 (3721df5a8b28) revision 3613151'; Using compiler version '192528614'; Build Type 'Release'
OS: 'Windows 10  (10.0.0) 64bit' Language: 'ru' Physical Memory: 16249 MB
BatchMode: 1, IsHumanControllingUs: 0, StartBugReporterOnCrash: 0, Is64bit: 1, IsPro: 0

 COMMAND LINE ARGUMENTS:
C:\Program Files\Unity\Hub\Editor\2020.2.0f1\Editor\Unity.exe
-adb2
-batchMode
-noUpm
-name
AssetImportWorker0
-projectPath
D:/CGL2020/GROUP PROJECT/GIT/Step_by_Step/Step_by_Step
-logFile
Logs/AssetImportWorker0.log
-srvPort
61778
Successfully changed project path to: D:/CGL2020/GROUP PROJECT/GIT/Step_by_Step/Step_by_Step
D:/CGL2020/GROUP PROJECT/GIT/Step_by_Step/Step_by_Step
Using Asset Import Pipeline V2.
Refreshing native plugins compatible for Editor in 51.81 ms, found 0 plugins.
Preloading 0 native plugins for Editor in 0.00 ms.
Initialize engine version: 2020.2.0f1 (3721df5a8b28)
[Subsystems] Discovering subsystems at path C:/Program Files/Unity/Hub/Editor/2020.2.0f1/Editor/Data/Resources/UnitySubsystems
[Subsystems] Discovering subsystems at path D:/CGL2020/GROUP PROJECT/GIT/Step_by_Step/Step_by_Step/Assets
GfxDevice: creating device client; threaded=0
Direct3D:
    Version:  Direct3D 11.0 [level 11.1]
    Renderer: NVIDIA GeForce GTX 1060 with Max-Q Design (ID=0x1c20)
    Vendor:   
    VRAM:     6052 MB
    Driver:   27.21.14.6079
Initialize mono
Mono path[0] = 'C:/Program Files/Unity/Hub/Editor/2020.2.0f1/Editor/Data/Managed'
Mono path[1] = 'C:/Program Files/Unity/Hub/Editor/2020.2.0f1/Editor/Data/MonoBleedingEdge/lib/mono/unityjit'
Mono config path = 'C:/Program Files/Unity/Hub/Editor/2020.2.0f1/Editor/Data/MonoBleedingEdge/etc'
Using monoOptions --debugger-agent=transport=dt_socket,embedding=1,server=y,suspend=n,address=127.0.0.1:56196
Begin MonoManager ReloadAssembly
Registering precompiled unity dll's ...
Register platform support module: C:/Program Files/Unity/Hub/Editor/2020.2.0f1/Editor/Data/PlaybackEngines/WindowsStandaloneSupport/UnityEditor.WindowsStandalone.Extensions.dll
Registered in 0.002121 seconds.
Native extension for WindowsStandalone target not found
Refreshing native plugins compatible for Editor in 50.20 ms, found 0 plugins.
Preloading 0 native plugins for Editor in 0.00 ms.
Invoked RoslynAnalysisRunner static constructor.
RoslynAnalysisRunner will not be running.
RoslynAnalysisRunner has terminated.
Mono: successfully reloaded assembly
- Completed reload, in  1.258 seconds
Platform modules already initialized, skipping
Registering precompiled user dll's ...
Registered in 0.001026 seconds.
Begin MonoManager ReloadAssembly
Native extension for WindowsStandalone target not found
Refreshing native plugins compatible for Editor in 55.35 ms, found 0 plugins.
Preloading 0 native plugins for Editor in 0.00 ms.
Invoked RoslynAnalysisRunner static constructor.
RoslynAnalysisRunner will not be running.
RoslynAnalysisRunner has terminated.
Mono: successfully reloaded assembly
- Completed reload, in  2.095 seconds
Platform modules already initialized, skipping
========================================================================
Worker process is ready to serve import requests
Launched and connected shader compiler UnityShaderCompiler.exe after 0.06 seconds
Refreshing native plugins compatible for Editor in 0.52 ms, found 0 plugins.
Preloading 0 native plugins for Editor in 0.00 ms.
Unloading 2217 Unused Serialized files (Serialized files now loaded: 0)
System memory in use before: 239.7 MB.
System memory in use after: 239.8 MB.

Unloading 102 unused Assets to reduce memory usage. Loaded Objects now: 2689.
Total: 4.483300 ms (FindLiveObjects: 0.342900 ms CreateObjectMapping: 0.305300 ms MarkObjects: 3.437700 ms  DeleteObjects: 0.395700 ms)

========================================================================
Received Import Request.
  path: Assets/Prefab/Environment/bridges/bridge(mini).fbx
  artifactKey: Guid(603ec17c82038844ab4469b7b1a26cf3) Importer(815301076,1909f56bfc062723c751e8b465ee728b)
Start importing Assets/Prefab/Environment/bridges/bridge(mini).fbx using Guid(603ec17c82038844ab4469b7b1a26cf3) Importer(815301076,1909f56bfc062723c751e8b465ee728b)  -> (artifact id: '0372f8c5be386954705dfde94cead449') in 0.186415 seconds
  Import took 0.191849 seconds .

========================================================================
Received Import Request.
  Time since last request: 0.000289 seconds.
  path: Assets/Prefab/Environment/Ivy/ivy4.fbx
  artifactKey: Guid(d1c5d39ad89a5784497875f230758571) Importer(815301076,1909f56bfc062723c751e8b465ee728b)
Start importing Assets/Prefab/Environment/Ivy/ivy4.fbx using Guid(d1c5d39ad89a5784497875f230758571) Importer(815301076,1909f56bfc062723c751e8b465ee728b)  -> (artifact id: '65d5aa8e635e1375593f0bc335d8d3f0') in 0.022295 seconds
  Import took 0.027762 seconds .

========================================================================
Received Import Request.
  Time since last request: 0.000301 seconds.
  path: Assets/Prefab/Environment/Ivy/ivy3.fbx
  artifactKey: Guid(a2d2e1f313e02fe45a85d31eb71d10c0) Importer(815301076,1909f56bfc062723c751e8b465ee728b)
Start importing Assets/Prefab/Environment/Ivy/ivy3.fbx using Guid(a2d2e1f313e02fe45a85d31eb71d10c0) Importer(815301076,1909f56bfc062723c751e8b465ee728b)  -> (artifact id: '533c64dfa84d4824ffefbb209100169e') in 0.026096 seconds
  Import took 0.031594 seconds .

========================================================================
Received Import Request.
  Time since last request: 0.000312 seconds.
  path: Assets/Prefab/Environment/bridges/bridge(medium).fbx
  artifactKey: Guid(92119135090022646b1cb06ec421fb5e) Importer(815301076,1909f56bfc062723c751e8b465ee728b)
Start importing Assets/Prefab/Environment/bridges/bridge(medium).fbx using Guid(92119135090022646b1cb06ec421fb5e) Importer(815301076,1909f56bfc062723c751e8b465ee728b)  -> (artifact id: '2664c128509ea7692edfb02c09153c43') in 0.029757 seconds
  Import took 0.035065 seconds .

========================================================================
Received Import Request.
  Time since last request: 0.000273 seconds.
  path: Assets/Prefab/Environment/Ivy/ivy2.fbx
  artifactKey: Guid(180bae475a726c0488183d9b0d684706) Importer(815301076,1909f56bfc062723c751e8b465ee728b)
Start importing Assets/Prefab/Environment/Ivy/ivy2.fbx using Guid(180bae475a726c0488183d9b0d684706) Importer(815301076,1909f56bfc062723c751e8b465ee728b)  -> (artifact id: 'e0b7c5622a3aab9a434a26cd2139859f') in 0.021761 seconds
  Import took 0.027511 seconds .

========================================================================
Received Import Request.
  Time since last request: 0.000328 seconds.
  path: Assets/Prefab/Environment/Ivy/ivy1.fbx
  artifactKey: Guid(e6e136d9568833c49adab6c050802640) Importer(815301076,1909f56bfc062723c751e8b465ee728b)
Start importing Assets/Prefab/Environment/Ivy/ivy1.fbx using Guid(e6e136d9568833c49adab6c050802640) Importer(815301076,1909f56bfc062723c751e8b465ee728b)  -> (artifact id: '1b8678b3afee935c0b40249e449826ee') in 0.028866 seconds
  Import took 0.034862 seconds .

========================================================================
Received Import Request.
  Time since last request: 0.000210 seconds.
  path: Assets/Prefab/Environment/bridges
  artifactKey: Guid(26a81dce5d8651d42862a83de2d9059e) Importer(815301076,1909f56bfc062723c751e8b465ee728b)
Start importing Assets/Prefab/Environment/bridges using Guid(26a81dce5d8651d42862a83de2d9059e) Importer(815301076,1909f56bfc062723c751e8b465ee728b)  -> (artifact id: '266930369882e2cd2033a14afdd32d35') in 0.009306 seconds
  Import took 0.014637 seconds .

========================================================================
Received Import Request.
  Time since last request: 0.000259 seconds.
  path: Assets/Prefab/Environment/bridges/bridge(huge).fbx
  artifactKey: Guid(e11ebd10790d42f439ac58681b509a59) Importer(815301076,1909f56bfc062723c751e8b465ee728b)
Start importing Assets/Prefab/Environment/bridges/bridge(huge).fbx using Guid(e11ebd10790d42f439ac58681b509a59) Importer(815301076,1909f56bfc062723c751e8b465ee728b)  -> (artifact id: '21e577d93b01a95016d6e3d02ad64625') in 0.024797 seconds
  Import took 0.031036 seconds .

========================================================================
Received Import Request.
  Time since last request: 0.000286 seconds.
  path: Assets/Prefab/Environment/Ivy/ivy5.fbx
  artifactKey: Guid(76a99d095ab2b8d4fbddd8cfe427432c) Importer(815301076,1909f56bfc062723c751e8b465ee728b)
Start importing Assets/Prefab/Environment/Ivy/ivy5.fbx using Guid(76a99d095ab2b8d4fbddd8cfe427432c) Importer(815301076,1909f56bfc062723c751e8b465ee728b)  -> (artifact id: 'f5884db2a252fe129e585dd64c399557') in 0.022169 seconds
  Import took 0.027854 seconds .

========================================================================
Received Import Request.
  Time since last request: 0.000217 seconds.
  path: Assets/Prefab/Environment/Ivy
  artifactKey: Guid(e65a90f70c4088341aa7364b73fdb5ad) Importer(815301076,1909f56bfc062723c751e8b465ee728b)
Start importing Assets/Prefab/Environment/Ivy using Guid(e65a90f70c4088341aa7364b73fdb5ad) Importer(815301076,1909f56bfc062723c751e8b465ee728b)  -> (artifact id: '7ec2c251e4bcedd7efac2f21e5ff57d9') in 0.007335 seconds
  Import took 0.012772 seconds .

========================================================================
Received Import Request.
  Time since last request: 38.413289 seconds.
  path: Assets/Materials/bush1.mat
  artifactKey: Guid(cdaf9210a2c2bf24fb7e59a37df03d46) Importer(815301076,1909f56bfc062723c751e8b465ee728b)
Start importing Assets/Materials/bush1.mat using Guid(cdaf9210a2c2bf24fb7e59a37df03d46) Importer(815301076,1909f56bfc062723c751e8b465ee728b)  -> (artifact id: '8a138749e4058724cdceba3346389925') in 0.164314 seconds
  Import took 0.169274 seconds .

========================================================================
Received Import Request.
  Time since last request: 0.000322 seconds.
  path: Assets/Materials/bush2.mat
  artifactKey: Guid(d9d7921d4ba7aba4a9eff5d417383217) Importer(815301076,1909f56bfc062723c751e8b465ee728b)
Start importing Assets/Materials/bush2.mat using Guid(d9d7921d4ba7aba4a9eff5d417383217) Importer(815301076,1909f56bfc062723c751e8b465ee728b)  -> (artifact id: '046f258c401ef785b376d2842bc5dbcb') in 0.020205 seconds
  Import took 0.024762 seconds .

========================================================================
Received Import Request.
  Time since last request: 0.000384 seconds.
  path: Assets/Materials/grass2.mat
  artifactKey: Guid(e7e27682fc977fb42a8c7f0199fe3900) Importer(815301076,1909f56bfc062723c751e8b465ee728b)
Start importing Assets/Materials/grass2.mat using Guid(e7e27682fc977fb42a8c7f0199fe3900) Importer(815301076,1909f56bfc062723c751e8b465ee728b)  -> (artifact id: '6f157db23a20fc497f3195ec03770149') in 0.017454 seconds
  Import took 0.022704 seconds .

========================================================================
Received Import Request.
  Time since last request: 0.000318 seconds.
  path: Assets/Materials/shroom2.mat
  artifactKey: Guid(71b55816cced13846bb82696d14a378d) Importer(815301076,1909f56bfc062723c751e8b465ee728b)
Start importing Assets/Materials/shroom2.mat using Guid(71b55816cced13846bb82696d14a378d) Importer(815301076,1909f56bfc062723c751e8b465ee728b)  -> (artifact id: '57b00783776f7dd9c5372f9b1e192427') in 0.030612 seconds
  Import took 0.036178 seconds .

========================================================================
Received Import Request.
  Time since last request: 0.000296 seconds.
  path: Assets/Materials/grass4.mat
  artifactKey: Guid(7a7ab098cdd2c4245bcf39f49b6b0cd9) Importer(815301076,1909f56bfc062723c751e8b465ee728b)
Start importing Assets/Materials/grass4.mat using Guid(7a7ab098cdd2c4245bcf39f49b6b0cd9) Importer(815301076,1909f56bfc062723c751e8b465ee728b)  -> (artifact id: 'd4150693319f58c16f50db1c68bbe6ee') in 0.019770 seconds
  Import took 0.024992 seconds .

========================================================================
Received Import Request.
  Time since last request: 0.000360 seconds.
  path: Assets/Materials/shroom3.mat
  artifactKey: Guid(69b9fbc08ad81e44790cf29d9305716b) Importer(815301076,1909f56bfc062723c751e8b465ee728b)
Start importing Assets/Materials/shroom3.mat using Guid(69b9fbc08ad81e44790cf29d9305716b) Importer(815301076,1909f56bfc062723c751e8b465ee728b)  -> (artifact id: '9958726799bf6497fbc23376599b0bcf') in 0.023287 seconds
  Import took 0.027902 seconds .

========================================================================
Received Import Request.
  Time since last request: 0.000354 seconds.
  path: Assets/Materials/Crystal2.mat
  artifactKey: Guid(57c078ef7ed02874290c14cb87d7350e) Importer(815301076,1909f56bfc062723c751e8b465ee728b)
Start importing Assets/Materials/Crystal2.mat using Guid(57c078ef7ed02874290c14cb87d7350e) Importer(815301076,1909f56bfc062723c751e8b465ee728b)  -> (artifact id: '8d4b47b316d999d3a2d4692f4e0f7fa2') in 0.022737 seconds
  Import took 0.027785 seconds .

========================================================================
Received Import Request.
  Time since last request: 0.000358 seconds.
  path: Assets/Materials/Gates.mat
  artifactKey: Guid(31a0645efe7693841aa44a4d14e64807) Importer(815301076,1909f56bfc062723c751e8b465ee728b)
Start importing Assets/Materials/Gates.mat using Guid(31a0645efe7693841aa44a4d14e64807) Importer(815301076,1909f56bfc062723c751e8b465ee728b)  -> (artifact id: '437968d87fdb8381cb229fcbf2b99ece') in 0.021096 seconds
  Import took 0.025693 seconds .

========================================================================
Received Import Request.
  Time since last request: 0.000282 seconds.
  path: Assets/Materials/Crystal1.mat
  artifactKey: Guid(e424e6e055e5adf4c84532f64e11379e) Importer(815301076,1909f56bfc062723c751e8b465ee728b)
Start importing Assets/Materials/Crystal1.mat using Guid(e424e6e055e5adf4c84532f64e11379e) Importer(815301076,1909f56bfc062723c751e8b465ee728b)  -> (artifact id: '2165befdee07849fbd8a2754b4868899') in 0.019943 seconds
  Import took 0.024954 seconds .

========================================================================
Received Import Request.
  Time since last request: 0.000219 seconds.
  path: Assets/Materials/stones.mat
  artifactKey: Guid(cd543c4fcaa0a0445bca039161780982) Importer(815301076,1909f56bfc062723c751e8b465ee728b)
Start importing Assets/Materials/stones.mat using Guid(cd543c4fcaa0a0445bca039161780982) Importer(815301076,1909f56bfc062723c751e8b465ee728b)  -> (artifact id: 'ed5d86620d596e65166219edfca52705') in 0.023441 seconds
  Import took 0.029232 seconds .

========================================================================
Received Import Request.
  Time since last request: 0.000282 seconds.
  path: Assets/Materials/SkyBox.mat
  artifactKey: Guid(78c3d1e678d67d34abef9ef623435b6b) Importer(815301076,1909f56bfc062723c751e8b465ee728b)
Start importing Assets/Materials/SkyBox.mat using Guid(78c3d1e678d67d34abef9ef623435b6b) Importer(815301076,1909f56bfc062723c751e8b465ee728b)  -> (artifact id: 'd61360fa6e79f7268433b70c125e3d54') in 0.023811 seconds
  Import took 0.028451 seconds .

========================================================================
Received Import Request.
  Time since last request: 0.000202 seconds.
  path: Assets/Materials/greeny_diff.mat
  artifactKey: Guid(0337efd7544bf5e4b9105b5fa06860f5) Importer(815301076,1909f56bfc062723c751e8b465ee728b)
Start importing Assets/Materials/greeny_diff.mat using Guid(0337efd7544bf5e4b9105b5fa06860f5) Importer(815301076,1909f56bfc062723c751e8b465ee728b)  -> (artifact id: 'd89dce2248623bdcb9b9ab532099e2f0') in 0.019499 seconds
  Import took 0.023952 seconds .

========================================================================
Received Import Request.
  Time since last request: 0.000427 seconds.
  path: Assets/Materials/tree_leaves.mat
  artifactKey: Guid(a9891d3a1f98f1a4a82459950129f073) Importer(815301076,1909f56bfc062723c751e8b465ee728b)
Start importing Assets/Materials/tree_leaves.mat using Guid(a9891d3a1f98f1a4a82459950129f073) Importer(815301076,1909f56bfc062723c751e8b465ee728b)  -> (artifact id: '828ad3ea5179acd58ef8f2ff52e5a073') in 0.021546 seconds
  Import took 0.026665 seconds .

========================================================================
Received Import Request.
  Time since last request: 0.000264 seconds.
  path: Assets/Materials/lotus.mat
  artifactKey: Guid(09eab1450517bce41b31edec79701d9c) Importer(815301076,1909f56bfc062723c751e8b465ee728b)
Start importing Assets/Materials/lotus.mat using Guid(09eab1450517bce41b31edec79701d9c) Importer(815301076,1909f56bfc062723c751e8b465ee728b)  -> (artifact id: 'acdd3e5d6b7e689061dbdd281000b0bd') in 0.021207 seconds
  Import took 0.026786 seconds .

========================================================================
Received Import Request.
  Time since last request: 0.000227 seconds.
  path: Assets/Materials/bush3.mat
  artifactKey: Guid(9e5f6f8d592f6a04787dbc7714a430f4) Importer(815301076,1909f56bfc062723c751e8b465ee728b)
Start importing Assets/Materials/bush3.mat using Guid(9e5f6f8d592f6a04787dbc7714a430f4) Importer(815301076,1909f56bfc062723c751e8b465ee728b)  -> (artifact id: '54ccf3bda79ffbbe54c116ddd1c62dea') in 0.020908 seconds
  Import took 0.025616 seconds .

========================================================================
Received Import Request.
  Time since last request: 0.000279 seconds.
  path: Assets/Materials/stump.mat
  artifactKey: Guid(4783756eacbe3ad46a521bd6931cc6b9) Importer(815301076,1909f56bfc062723c751e8b465ee728b)
Start importing Assets/Materials/stump.mat using Guid(4783756eacbe3ad46a521bd6931cc6b9) Importer(815301076,1909f56bfc062723c751e8b465ee728b)  -> (artifact id: '9ad9a756ad3ea87ebb7dca522bdfabcb') in 0.020810 seconds
  Import took 0.026516 seconds .

========================================================================
Received Import Request.
  Time since last request: 0.000295 seconds.
  path: Assets/Materials/smallrocks.mat
  artifactKey: Guid(9ce71d57de8035d479d3056ec1dcb27d) Importer(815301076,1909f56bfc062723c751e8b465ee728b)
Start importing Assets/Materials/smallrocks.mat using Guid(9ce71d57de8035d479d3056ec1dcb27d) Importer(815301076,1909f56bfc062723c751e8b465ee728b)  -> (artifact id: '42741bcd9bcb650e88a59d774a73586b') in 0.020809 seconds
  Import took 0.026633 seconds .

========================================================================
Received Import Request.
  Time since last request: 0.000213 seconds.
  path: Assets/Materials/flowers.mat
  artifactKey: Guid(0400e85eaef1f7a43b5b794d035c97bb) Importer(815301076,1909f56bfc062723c751e8b465ee728b)
Start importing Assets/Materials/flowers.mat using Guid(0400e85eaef1f7a43b5b794d035c97bb) Importer(815301076,1909f56bfc062723c751e8b465ee728b)  -> (artifact id: 'c8d847aa8a6e2262abca5bd6396c384d') in 0.020937 seconds
  Import took 0.025827 seconds .

========================================================================
Received Import Request.
  Time since last request: 0.000342 seconds.
  path: Assets/Materials/stump_leaves.mat
  artifactKey: Guid(57a4777a7e3a6254ab2ca05f9b8ee129) Importer(815301076,1909f56bfc062723c751e8b465ee728b)
Start importing Assets/Materials/stump_leaves.mat using Guid(57a4777a7e3a6254ab2ca05f9b8ee129) Importer(815301076,1909f56bfc062723c751e8b465ee728b)  -> (artifact id: '922de40a12982956fb91fec200c1335b') in 0.020613 seconds
  Import took 0.025668 seconds .

========================================================================
Received Import Request.
  Time since last request: 0.000269 seconds.
  path: Assets/Materials/corals.mat
  artifactKey: Guid(089644cf4b109d746aa62cc42e5d5928) Importer(815301076,1909f56bfc062723c751e8b465ee728b)
Start importing Assets/Materials/corals.mat using Guid(089644cf4b109d746aa62cc42e5d5928) Importer(815301076,1909f56bfc062723c751e8b465ee728b)  -> (artifact id: '3cf43b54dc5bf93b56a5026e9be2813a') in 0.025217 seconds
  Import took 0.030387 seconds .

========================================================================
Received Import Request.
  Time since last request: 0.000326 seconds.
  path: Assets/Materials/CrystalCollectible.mat
  artifactKey: Guid(8553bd53808847d40a806d4296f59c4e) Importer(815301076,1909f56bfc062723c751e8b465ee728b)
Start importing Assets/Materials/CrystalCollectible.mat using Guid(8553bd53808847d40a806d4296f59c4e) Importer(815301076,1909f56bfc062723c751e8b465ee728b)  -> (artifact id: 'ec4d62ac5551ed3d48a9864ca3237ae5') in 0.019733 seconds
  Import took 0.026727 seconds .

========================================================================
Received Import Request.
  Time since last request: 0.000394 seconds.
  path: Assets/Materials/FENCE(pre).mat
  artifactKey: Guid(debebc97a7d19434abc7f98d30c45715) Importer(815301076,1909f56bfc062723c751e8b465ee728b)
Start importing Assets/Materials/FENCE(pre).mat using Guid(debebc97a7d19434abc7f98d30c45715) Importer(815301076,1909f56bfc062723c751e8b465ee728b)  -> (artifact id: '593c8f515d72b31029c824ff9e03a859') in 0.203917 seconds
  Import took 0.208770 seconds .

========================================================================
Received Import Request.
  Time since last request: 0.000336 seconds.
  path: Assets/Materials/tree_branch.mat
  artifactKey: Guid(f6616fdc997f71b49ad71fe8e7e3d5bd) Importer(815301076,1909f56bfc062723c751e8b465ee728b)
Start importing Assets/Materials/tree_branch.mat using Guid(f6616fdc997f71b49ad71fe8e7e3d5bd) Importer(815301076,1909f56bfc062723c751e8b465ee728b)  -> (artifact id: 'e40cdd220a7fa2ba4b48431e97d773f4') in 0.023538 seconds
  Import took 0.028305 seconds .

========================================================================
Received Import Request.
  Time since last request: 0.000296 seconds.
  path: Assets/Materials/Ship.mat
  artifactKey: Guid(fd694215f6d954547a93aa5fe8e03fc2) Importer(815301076,1909f56bfc062723c751e8b465ee728b)
Start importing Assets/Materials/Ship.mat using Guid(fd694215f6d954547a93aa5fe8e03fc2) Importer(815301076,1909f56bfc062723c751e8b465ee728b)  -> (artifact id: '46e3084fcbe5cdb400da9e057037f9fc') in 0.027830 seconds
  Import took 0.033850 seconds .

========================================================================
Received Import Request.
  Time since last request: 0.000333 seconds.
  path: Assets/Materials/Shroom1.mat
  artifactKey: Guid(28381d966cd87e144b2ae77138cf6737) Importer(815301076,1909f56bfc062723c751e8b465ee728b)
Start importing Assets/Materials/Shroom1.mat using Guid(28381d966cd87e144b2ae77138cf6737) Importer(815301076,1909f56bfc062723c751e8b465ee728b)  -> (artifact id: '3883d6be48a8a53ae8b8b2f67a03c929') in 0.022060 seconds
  Import took 0.026679 seconds .

========================================================================
Received Import Request.
  Time since last request: 0.000262 seconds.
  path: Assets/Materials/grass1.mat
  artifactKey: Guid(719afb64bc1f78840a09feba174b77a3) Importer(815301076,1909f56bfc062723c751e8b465ee728b)
Start importing Assets/Materials/grass1.mat using Guid(719afb64bc1f78840a09feba174b77a3) Importer(815301076,1909f56bfc062723c751e8b465ee728b)  -> (artifact id: 'f565ee009e67d83a48fdc2a987b0b942') in 0.017257 seconds
  Import took 0.023396 seconds .

========================================================================
Received Import Request.
  Time since last request: 0.000329 seconds.
  path: Assets/Materials/grass3.mat
  artifactKey: Guid(701a53d9d7a42cb43b22f28eca3f67f3) Importer(815301076,1909f56bfc062723c751e8b465ee728b)
Start importing Assets/Materials/grass3.mat using Guid(701a53d9d7a42cb43b22f28eca3f67f3) Importer(815301076,1909f56bfc062723c751e8b465ee728b)  -> (artifact id: '65e2dcdbdfe05c7967de2f4866b69b6a') in 0.023232 seconds
  Import took 0.029894 seconds .

========================================================================
Received Import Request.
  Time since last request: 1.297698 seconds.
  path: Assets/Materials/IVY
  artifactKey: Guid(c29587ae5a5e01c4f8cff6226f71d66b) Importer(815301076,1909f56bfc062723c751e8b465ee728b)
Start importing Assets/Materials/IVY using Guid(c29587ae5a5e01c4f8cff6226f71d66b) Importer(815301076,1909f56bfc062723c751e8b465ee728b)  -> (artifact id: 'ae25e93c1e92c3eb36b6dede5e0d2c86') in 0.008679 seconds
  Import took 0.014557 seconds .

========================================================================
Received Import Request.
  Time since last request: 0.050707 seconds.
  path: Assets/Materials/IVY/IVY.mat
  artifactKey: Guid(525c8a90d31fbe341a542ae8c2ac3391) Importer(815301076,1909f56bfc062723c751e8b465ee728b)
Start importing Assets/Materials/IVY/IVY.mat using Guid(525c8a90d31fbe341a542ae8c2ac3391) Importer(815301076,1909f56bfc062723c751e8b465ee728b)  -> (artifact id: '3cb12fbc0f9f2a60831b7bc7f898a356') in 0.017973 seconds
  Import took 0.023620 seconds .

========================================================================
Received Import Request.
  Time since last request: 0.000313 seconds.
  path: Assets/Materials/IVY/IVY2.mat
  artifactKey: Guid(98994d35620b57a44a0fb6c7ab8dd5a6) Importer(815301076,1909f56bfc062723c751e8b465ee728b)
Start importing Assets/Materials/IVY/IVY2.mat using Guid(98994d35620b57a44a0fb6c7ab8dd5a6) Importer(815301076,1909f56bfc062723c751e8b465ee728b)  -> (artifact id: '124325741fd576f8f9149ed0d9091a66') in 0.022960 seconds
  Import took 0.028649 seconds .

========================================================================
Received Import Request.
  Time since last request: 0.000354 seconds.
  path: Assets/Materials/IVY/IVY3.mat
  artifactKey: Guid(99a183f2b25f78e44b9d2111f60d3056) Importer(815301076,1909f56bfc062723c751e8b465ee728b)
Start importing Assets/Materials/IVY/IVY3.mat using Guid(99a183f2b25f78e44b9d2111f60d3056) Importer(815301076,1909f56bfc062723c751e8b465ee728b)  -> (artifact id: 'e668e041b920b1cbb62cda597520d1cf') in 0.023061 seconds
  Import took 0.028835 seconds .

========================================================================
Received Import Request.
  Time since last request: 108.188762 seconds.
  path: Assets/Prefab/Environment/Rocks/rock1.fbx
  artifactKey: Guid(085b7e0e0ad2e15479231aefd88fe1d8) Importer(815301076,1909f56bfc062723c751e8b465ee728b)
Start importing Assets/Prefab/Environment/Rocks/rock1.fbx using Guid(085b7e0e0ad2e15479231aefd88fe1d8) Importer(815301076,1909f56bfc062723c751e8b465ee728b)  -> (artifact id: '804556a9e0e667a43d7c525fad156e40') in 0.031751 seconds
  Import took 0.037520 seconds .

========================================================================
Received Import Request.
  Time since last request: 0.000311 seconds.
  path: Assets/Prefab/Environment/Rocks/tinyrock3.fbx
  artifactKey: Guid(c0f892518ee28c847a4b8a744eafd88e) Importer(815301076,1909f56bfc062723c751e8b465ee728b)
Start importing Assets/Prefab/Environment/Rocks/tinyrock3.fbx using Guid(c0f892518ee28c847a4b8a744eafd88e) Importer(815301076,1909f56bfc062723c751e8b465ee728b)  -> (artifact id: '6bbed4a775a763235ca6677a5ec3dd63') in 0.037050 seconds
  Import took 0.041541 seconds .

========================================================================
Received Import Request.
  Time since last request: 0.000353 seconds.
  path: Assets/Prefab/Environment/Rocks/rock5.fbx
  artifactKey: Guid(2f78ab71e6e5c22408fee383cf2da747) Importer(815301076,1909f56bfc062723c751e8b465ee728b)
Start importing Assets/Prefab/Environment/Rocks/rock5.fbx using Guid(2f78ab71e6e5c22408fee383cf2da747) Importer(815301076,1909f56bfc062723c751e8b465ee728b)  -> (artifact id: '5b27df5139dd8e524f1760d2f41d5c5f') in 0.035915 seconds
  Import took 0.041847 seconds .

========================================================================
Received Import Request.
  Time since last request: 0.000308 seconds.
  path: Assets/Prefab/Environment/Rocks/rock9.fbx
  artifactKey: Guid(5a6101a774a327849a2b314a04f7b70e) Importer(815301076,1909f56bfc062723c751e8b465ee728b)
Start importing Assets/Prefab/Environment/Rocks/rock9.fbx using Guid(5a6101a774a327849a2b314a04f7b70e) Importer(815301076,1909f56bfc062723c751e8b465ee728b)  -> (artifact id: 'ee7dbb9a9d8854334dc72de0c5e8f482') in 0.034256 seconds
  Import took 0.040323 seconds .

========================================================================
Received Import Request.
  Time since last request: 0.000296 seconds.
  path: Assets/Prefab/Environment/Rocks/rock4.fbx
  artifactKey: Guid(6b312e72cc005c746a15fad9c92ca01e) Importer(815301076,1909f56bfc062723c751e8b465ee728b)
Start importing Assets/Prefab/Environment/Rocks/rock4.fbx using Guid(6b312e72cc005c746a15fad9c92ca01e) Importer(815301076,1909f56bfc062723c751e8b465ee728b)  -> (artifact id: '13edb97a2827a31781329a40a9a83c26') in 0.042785 seconds
  Import took 0.048279 seconds .

========================================================================
Received Import Request.
  Time since last request: 0.000226 seconds.
  path: Assets/Prefab/Environment/Rocks/tinyrock5.fbx
  artifactKey: Guid(2dcaaa3a05210064ba3295b573bb064a) Importer(815301076,1909f56bfc062723c751e8b465ee728b)
Start importing Assets/Prefab/Environment/Rocks/tinyrock5.fbx using Guid(2dcaaa3a05210064ba3295b573bb064a) Importer(815301076,1909f56bfc062723c751e8b465ee728b)  -> (artifact id: 'a8992b9e478c9ab28c85ee7fb9596d6a') in 0.038196 seconds
  Import took 0.043610 seconds .

========================================================================
Received Import Request.
  Time since last request: 0.000382 seconds.
  path: Assets/Prefab/Environment/Rocks/rock3.fbx
  artifactKey: Guid(0242d58306fedb34d85fdb8f0c6ebe04) Importer(815301076,1909f56bfc062723c751e8b465ee728b)
Start importing Assets/Prefab/Environment/Rocks/rock3.fbx using Guid(0242d58306fedb34d85fdb8f0c6ebe04) Importer(815301076,1909f56bfc062723c751e8b465ee728b)  -> (artifact id: '1075ccf84d0af365b68847dfc5fefc8f') in 0.036447 seconds
  Import took 0.041479 seconds .

========================================================================
Received Import Request.
  Time since last request: 0.000351 seconds.
  path: Assets/Prefab/Environment/Rocks/tinyrock2.fbx
  artifactKey: Guid(8cde49f3b8801d043b9dd89d9b73f1b1) Importer(815301076,1909f56bfc062723c751e8b465ee728b)
Start importing Assets/Prefab/Environment/Rocks/tinyrock2.fbx using Guid(8cde49f3b8801d043b9dd89d9b73f1b1) Importer(815301076,1909f56bfc062723c751e8b465ee728b)  -> (artifact id: '2f64b7e74d9f0df68ba11428a949a288') in 0.041728 seconds
  Import took 0.047936 seconds .

========================================================================
Received Import Request.
  Time since last request: 0.000316 seconds.
  path: Assets/Prefab/Environment/Rocks/rock8.fbx
  artifactKey: Guid(e3a9328ad4feff74b8044e4f6a92126d) Importer(815301076,1909f56bfc062723c751e8b465ee728b)
Start importing Assets/Prefab/Environment/Rocks/rock8.fbx using Guid(e3a9328ad4feff74b8044e4f6a92126d) Importer(815301076,1909f56bfc062723c751e8b465ee728b)  -> (artifact id: '25154e35b604981a7e976d708234bca6') in 0.037668 seconds
  Import took 0.043212 seconds .

========================================================================
Received Import Request.
  Time since last request: 0.000312 seconds.
  path: Assets/Prefab/Environment/Rocks/rock2.fbx
  artifactKey: Guid(8309b7bd26965c6418b0dc42c5780f83) Importer(815301076,1909f56bfc062723c751e8b465ee728b)
Start importing Assets/Prefab/Environment/Rocks/rock2.fbx using Guid(8309b7bd26965c6418b0dc42c5780f83) Importer(815301076,1909f56bfc062723c751e8b465ee728b)  -> (artifact id: '11ffb29b4c5c7c129ded7526c9d24303') in 0.031640 seconds
  Import took 0.037735 seconds .

========================================================================
Received Import Request.
  Time since last request: 0.000320 seconds.
  path: Assets/Prefab/Environment/Rocks/tinyrock4.fbx
  artifactKey: Guid(800fdac482202e14d8e99af4003792e5) Importer(815301076,1909f56bfc062723c751e8b465ee728b)
Start importing Assets/Prefab/Environment/Rocks/tinyrock4.fbx using Guid(800fdac482202e14d8e99af4003792e5) Importer(815301076,1909f56bfc062723c751e8b465ee728b)  -> (artifact id: '6bf7625609b3ffac5cf047de287d1edf') in 0.035418 seconds
  Import took 0.040662 seconds .

========================================================================
Received Import Request.
  Time since last request: 0.000305 seconds.
  path: Assets/Prefab/Environment/Rocks/tinyrock1.fbx
  artifactKey: Guid(69f074c5d56d47347aea8780db67faf0) Importer(815301076,1909f56bfc062723c751e8b465ee728b)
Start importing Assets/Prefab/Environment/Rocks/tinyrock1.fbx using Guid(69f074c5d56d47347aea8780db67faf0) Importer(815301076,1909f56bfc062723c751e8b465ee728b)  -> (artifact id: 'dd6fe38cd22df57e9ec2b68ff7449acb') in 0.034114 seconds
  Import took 0.039243 seconds .

========================================================================
Received Import Request.
  Time since last request: 0.000290 seconds.
  path: Assets/Prefab/Environment/Rocks/rock6.fbx
  artifactKey: Guid(1626aaac4e4c12c4aacafd39f71a0d12) Importer(815301076,1909f56bfc062723c751e8b465ee728b)
Start importing Assets/Prefab/Environment/Rocks/rock6.fbx using Guid(1626aaac4e4c12c4aacafd39f71a0d12) Importer(815301076,1909f56bfc062723c751e8b465ee728b)  -> (artifact id: 'b6489db4e057498b70642313db13867d') in 0.041111 seconds
  Import took 0.047021 seconds .

========================================================================
Received Import Request.
  Time since last request: 0.000243 seconds.
  path: Assets/Prefab/Environment/Rocks/rock7.fbx
  artifactKey: Guid(31d7f43d286ac204b824266b606c7042) Importer(815301076,1909f56bfc062723c751e8b465ee728b)
Start importing Assets/Prefab/Environment/Rocks/rock7.fbx using Guid(31d7f43d286ac204b824266b606c7042) Importer(815301076,1909f56bfc062723c751e8b465ee728b)  -> (artifact id: '924346590699aa244b9b73f47b75d403') in 0.035637 seconds
  Import took 0.041658 seconds .

========================================================================
Received Prepare
Registering precompiled user dll's ...
Registered in 0.001200 seconds.
Begin MonoManager ReloadAssembly
Native extension for WindowsStandalone target not found
Refreshing native plugins compatible for Editor in 0.84 ms, found 0 plugins.
Preloading 0 native plugins for Editor in 0.00 ms.
Warning: Annotation not found!
UnityEngine.StackTraceUtility:ExtractStackTrace ()
UnityEditor.ProBuilder.EditorUtility:SetGizmoIconEnabled (System.Type,bool)
UnityEditor.ProBuilder.HierarchyListener:.cctor ()
System.Runtime.CompilerServices.RuntimeHelpers:RunClassConstructor (System.RuntimeTypeHandle)
UnityEditor.EditorAssemblies:ProcessInitializeOnLoadAttributes (System.Type[])

[C:\buildslave\unity\build\Editor/Src/AnnotationManager.cpp line 229]

Invoked RoslynAnalysisRunner static constructor.
RoslynAnalysisRunner will not be running.
RoslynAnalysisRunner has terminated.
Mono: successfully reloaded assembly
- Completed reload, in  1.428 seconds
Platform modules already initialized, skipping
Refreshing native plugins compatible for Editor in 0.47 ms, found 0 plugins.
Preloading 0 native plugins for Editor in 0.00 ms.
Unloading 2106 Unused Serialized files (Serialized files now loaded: 0)
System memory in use before: 235.9 MB.
System memory in use after: 236.0 MB.

Unloading 8 unused Assets to reduce memory usage. Loaded Objects now: 2734.
Total: 3.939500 ms (FindLiveObjects: 0.323600 ms CreateObjectMapping: 0.130900 ms MarkObjects: 3.255900 ms  DeleteObjects: 0.226900 ms)

========================================================================
Received Prepare
Registering precompiled user dll's ...
Registered in 0.001097 seconds.
Begin MonoManager ReloadAssembly
Native extension for WindowsStandalone target not found
Refreshing native plugins compatible for Editor in 0.48 ms, found 0 plugins.
Preloading 0 native plugins for Editor in 0.00 ms.
Warning: Annotation not found!
UnityEngine.StackTraceUtility:ExtractStackTrace ()
UnityEditor.ProBuilder.EditorUtility:SetGizmoIconEnabled (System.Type,bool)
UnityEditor.ProBuilder.HierarchyListener:.cctor ()
System.Runtime.CompilerServices.RuntimeHelpers:RunClassConstructor (System.RuntimeTypeHandle)
UnityEditor.EditorAssemblies:ProcessInitializeOnLoadAttributes (System.Type[])

[C:\buildslave\unity\build\Editor/Src/AnnotationManager.cpp line 229]

Invoked RoslynAnalysisRunner static constructor.
RoslynAnalysisRunner will not be running.
RoslynAnalysisRunner has terminated.
Mono: successfully reloaded assembly
- Completed reload, in  1.714 seconds
Platform modules already initialized, skipping
Refreshing native plugins compatible for Editor in 0.54 ms, found 0 plugins.
Preloading 0 native plugins for Editor in 0.00 ms.
Unloading 2106 Unused Serialized files (Serialized files now loaded: 0)
System memory in use before: 236.0 MB.
System memory in use after: 236.0 MB.

Unloading 8 unused Assets to reduce memory usage. Loaded Objects now: 2736.
Total: 3.618400 ms (FindLiveObjects: 0.335900 ms CreateObjectMapping: 0.139100 ms MarkObjects: 2.874200 ms  DeleteObjects: 0.267300 ms)

AssetImportWorkerClient::OnTransportError - code=2 error=End of file
